

                                     LOADEST
                      A Program to Estimate Constituent Loads
                U.S. Geological Survey, Version: MOD48 (March 2013)
                -------------------------------------------------

 HEADER FILE     : header.inp                              
 CALIBRATION FILE: calib.inp                               
 ESTIMATION FILE : est.inp                                 



 White River at Hazleton IN (Station #03374100)                                  

 -----------------------------------------------------------

    Echo Output File Part I: Reading from the Header File

 -----------------------------------------------------------


 Estimated Values Print Option (PRTOPT):    1
 Standard Error Option (SEOPT)         :    3
 Load Option (LDOPT)                   :    3



 Loads for user-defined seasons are requested.

 User-defined Seasons
 --------------------
 Number of User-defined Seasons (NSEAS):    4

                Begin Date            End Date
 Season           (SBEG)               (SEND)
 -----------------------------------------------
   1               0301                 0531
   2               0601                 0831
   3               0901                 1130
   4               1201                 0229

 Model Number 0 was selected. Regression model is selected based on
 Akaike Information Criteria.





 Number of Constituents (NCONST):    4

                                              Conc.            Load
 Constituent                                  Units (Flag)     Units (Flag)
 --------------------------------------------------------------------------
 butylate                                     ug/L (2)         lb/d (3) 
 atrazine                                     ug/L (2)         lb/d (3) 
 alachlor                                     ug/L (2)         lb/d (3) 
 suspended sediment                           mg/L (1)         ton/d (4)



 -----------------------------------------------------------

                        Echo Output File Part II: 
              Reading from the Calibration File

 -----------------------------------------------------------


 Data Variables:

 Date      Time    Streamflow
 ------------------------------------------------------
 19921019  1200    4.2900E+03
 19921118  1145    3.1400E+04
 19921221  1130    7.7700E+03
 19930112  1145    3.9700E+04
 19930218  1300    9.3100E+03
 19930330  1400    2.0900E+04
 19930412  1400    3.1300E+04
 19930426  1300    1.8700E+04
 19930503  1400    1.6800E+04
 19930510  1500    1.8200E+04
 19930517  1430    1.5600E+04
 19930524  1300    9.1500E+03
 19930601  1300    6.3300E+03
 19930607  1500    1.0400E+04
 19930614  1400    9.7600E+03
 19930621  1400    1.2600E+04
 19930628  1230    9.1600E+03
 19930706  1400    2.1200E+04
 19930712  1430    1.1100E+04
 19930719  1400    1.1200E+04
 19930726  1430    6.0900E+03
 19930802  1430    4.5300E+03
 19930809  1600    3.5600E+03
 19930816  1300    6.9100E+03
 19930823  1330    2.3800E+04
 19930830  1330    6.7000E+03
 19930907  1400    2.2700E+04
 19930920  1400    7.6200E+03
 19931012  1400    1.3200E+04
 19931118  1150    8.7900E+04
 19931123  1200    1.1300E+05
 19931130  1330    3.0300E+04
 19931215  1215    1.9400E+04
 19940112  1245    1.1500E+04
 19940215  1230    1.3600E+04
 19940305  1215    1.3400E+04
 19940411  1300    2.5400E+04
 19940509  1330    3.3100E+04
 19940523  1330    1.1700E+04
 19940606  1430    5.5800E+03
 19940620  1430    4.3800E+03
 19940705  1330    6.3200E+03
 19940718  1500    4.0600E+03
 19940827  1130    1.9300E+03
 19940912  1230    1.8700E+03




 Constituent: butylate                                     

                                  Detection
 Date      Time    Concentr.      Limit
 -------------------------------------------------
 19921019  1200    4.0000E-03     2.0000E-03
 19921118  1145    4.0000E-03     2.0000E-03
 19921221  1130    2.0000E-03*    2.0000E-03
 19930112  1145    9.0000E-03     2.0000E-03
 19930218  1300    2.0000E-03*    2.0000E-03
 19930330  1400    2.0000E-03*    2.0000E-03
 19930412  1400    2.0000E-03*    2.0000E-03
 19930426  1300    2.0000E-03*    2.0000E-03
 19930503  1400    1.0000E-02     2.0000E-03
 19930510  1500    9.0000E-03     2.0000E-03
 19930517  1430    2.7000E-02     2.0000E-03
 19930524  1300    4.2000E-02     2.0000E-03
 19930601  1300    1.7000E-02     2.0000E-03
 19930607  1500    2.4000E-02     2.0000E-03
 19930614  1400    2.4000E-02     2.0000E-03
 19930621  1400    6.0000E-03     2.0000E-03
 19930628  1230    4.0000E-03     2.0000E-03
 19930706  1400    4.0000E-03     2.0000E-03
 19930712  1430    2.0000E-03*    2.0000E-03
 19930719  1400    6.0000E-03     2.0000E-03
 19930726  1430    2.0000E-03*    2.0000E-03
 19930802  1430    2.0000E-03*    2.0000E-03
 19930809  1600    2.0000E-03     2.0000E-03
 19930816  1300    3.0000E-03     2.0000E-03
 19930823  1330    2.0000E-03*    2.0000E-03
 19930830  1330    2.0000E-03*    2.0000E-03
 19930907  1400    2.0000E-03*    2.0000E-03
 19930920  1400    2.0000E-03*    2.0000E-03
 19931012  1400    2.0000E-03*    2.0000E-03
 19931118  1150    4.0000E-03     2.0000E-03
 19931123  1200    4.0000E-03     2.0000E-03
 19931130  1330    2.0000E-03*    2.0000E-03
 19931215  1215    3.0000E-03     2.0000E-03
 19940112  1245    2.0000E-03*    2.0000E-03
 19940215  1230    2.0000E-03*    2.0000E-03
 19940305  1215    2.0000E-03*    2.0000E-03
 19940411  1300    1.5000E-02     2.0000E-03
 19940509  1330    2.6000E-02     2.0000E-03
 19940523  1330    1.5000E-02     2.0000E-03
 19940606  1430    2.0000E-03*    2.0000E-03
 19940620  1430    2.0000E-03*    2.0000E-03
 19940705  1330    2.0000E-03*    2.0000E-03
 19940718  1500    2.0000E-03*    2.0000E-03
 19940827  1130    2.0000E-03*    2.0000E-03
 19940912  1230    2.0000E-03*    2.0000E-03




 Constituent: atrazine                                     

                                  Detection
 Date      Time    Concentr.      Limit
 -------------------------------------------------
 19921019  1200    2.8000E-01     1.0000E-25
 19921118  1145    3.4000E-01     1.0000E-25
 19921221  1130    1.8000E-01     1.0000E-25
 19930112  1145    2.3000E-01     1.0000E-25
 19930218  1300    1.0000E-01     1.0000E-25
 19930330  1400    1.5000E-01     1.0000E-25
 19930412  1400    5.4000E-01     1.0000E-25
 19930426  1300    2.0000E-01     1.0000E-25
 19930503  1400    1.1000E+00     1.0000E-25
 19930510  1500    1.6000E+00     1.0000E-25
 19930517  1430    1.3000E+00     1.0000E-25
 19930524  1300    4.7000E+00     1.0000E-25
 19930601  1300    1.9000E+00     1.0000E-25
 19930607  1500    9.4000E+00     1.0000E-25
 19930614  1400    1.2800E+01     1.0000E-25
 19930621  1400    1.0500E+01     1.0000E-25
 19930628  1230    7.8000E+00     1.0000E-25
 19930706  1400    3.4000E+00     1.0000E-25
 19930712  1430    2.9000E+00     1.0000E-25
 19930719  1400    2.1000E+00     1.0000E-25
 19930726  1430    1.1000E+00     1.0000E-25
 19930802  1430    9.4000E-01     1.0000E-25
 19930809  1600    6.7000E-01     1.0000E-25
 19930816  1300    5.9000E-01     1.0000E-25
 19930823  1330    4.5000E-01     1.0000E-25
 19930830  1330    8.8000E-01     1.0000E-25
 19930907  1400    2.6000E-01     1.0000E-25
 19930920  1400    3.1000E-01     1.0000E-25
 19931012  1400    2.1000E-01     1.0000E-25
 19931118  1150    9.8000E-02     1.0000E-25
 19931123  1200    1.9000E-01     1.0000E-25
 19931130  1330    1.7000E-01     1.0000E-25
 19931215  1215    1.4000E-01     1.0000E-25
 19940112  1245    9.5000E-02     1.0000E-25
 19940215  1230    6.0000E-02     1.0000E-25
 19940305  1215    6.5000E-02     1.0000E-25
 19940411  1300    7.4000E-01     1.0000E-25
 19940509  1330    5.0000E+00     1.0000E-25
 19940523  1330    4.0000E+00     1.0000E-25
 19940606  1430    1.5000E+00     1.0000E-25
 19940620  1430    3.9000E+00     1.0000E-25
 19940705  1330    6.6000E+00     1.0000E-25
 19940718  1500    1.8000E+00     1.0000E-25
 19940827  1130    4.1000E-01     1.0000E-25
 19940912  1230    4.3000E-01     1.0000E-25




 Constituent: alachlor                                     

                                  Detection
 Date      Time    Concentr.      Limit
 -------------------------------------------------
 19921019  1200    1.6000E-02     2.0000E-03
 19921118  1145    4.7000E-02     2.0000E-03
 19921221  1130    2.6000E-02     2.0000E-03
 19930112  1145    4.7000E-02     2.0000E-03
 19930218  1300    1.3000E-02     2.0000E-03
 19930330  1400    3.4000E-02     2.0000E-03
 19930412  1400    2.5000E-02     2.0000E-03
 19930426  1300    1.8000E-02     2.0000E-03
 19930503  1400    1.5000E-01     2.0000E-03
 19930510  1500    7.0000E-02     2.0000E-03
 19930517  1430    9.3000E-02     2.0000E-03
 19930524  1300    7.4000E-01     2.0000E-03
 19930601  1300    1.7000E-01     2.0000E-03
 19930607  1500    5.4000E-01     2.0000E-03
 19930614  1400    2.1000E+00     2.0000E-03
 19930621  1400    1.2000E+00     2.0000E-03
 19930628  1230    6.7000E-01     2.0000E-03
 19930706  1400    2.8000E-01     2.0000E-03
 19930712  1430    2.8000E-01     2.0000E-03
 19930719  1400    1.2000E-01     2.0000E-03
 19930726  1430    5.5000E-02     2.0000E-03
 19930802  1430    3.4000E-02     2.0000E-03
 19930809  1600    2.7000E-02     2.0000E-03
 19930816  1300    3.1000E-02     2.0000E-03
 19930823  1330    3.7000E-02     2.0000E-03
 19930830  1330    5.4000E-02     2.0000E-03
 19930907  1400    1.8000E-02     2.0000E-03
 19930920  1400    2.0000E-03*    2.0000E-03
 19931012  1400    1.9000E-02     2.0000E-03
 19931118  1150    2.2000E-02     2.0000E-03
 19931123  1200    4.8000E-02     2.0000E-03
 19931130  1330    2.3000E-02     2.0000E-03
 19931215  1215    2.1000E-02     2.0000E-03
 19940112  1245    8.0000E-03     2.0000E-03
 19940215  1230    1.1000E-02     2.0000E-03
 19940305  1215    1.2000E-02     2.0000E-03
 19940411  1300    5.8000E-02     2.0000E-03
 19940509  1330    3.7000E-01     2.0000E-03
 19940523  1330    3.0000E-01     2.0000E-03
 19940606  1430    1.7000E-01     2.0000E-03
 19940620  1430    8.5000E-02     2.0000E-03
 19940705  1330    6.7000E-01     2.0000E-03
 19940718  1500    7.2000E-02     2.0000E-03
 19940827  1130    2.0000E-03*    2.0000E-03
 19940912  1230    9.0000E-03     2.0000E-03




 Constituent: suspended sediment                           

                                  Detection
 Date      Time    Concentr.      Limit
 -------------------------------------------------
 19921019  1200    9.0500E+01     1.0000E-25
 19921118  1145    1.6100E+02     1.0000E-25
 19921221  1130   -9.9990E+03^
 19930112  1145   -9.9990E+03^
 19930218  1300   -9.9990E+03^
 19930330  1400    9.8000E+01     1.0000E-25
 19930412  1400    1.1800E+02     1.0000E-25
 19930426  1300    9.0000E+01     1.0000E-25
 19930503  1400    1.3500E+02     1.0000E-25
 19930510  1500    1.4000E+02     1.0000E-25
 19930517  1430    1.5400E+02     1.0000E-25
 19930524  1300    9.0000E+01     1.0000E-25
 19930601  1300    1.2500E+02     1.0000E-25
 19930607  1500    3.6800E+02     1.0000E-25
 19930614  1400    2.5400E+02     1.0000E-25
 19930621  1400    2.3700E+02     1.0000E-25
 19930628  1230    1.5300E+02     1.0000E-25
 19930706  1400    3.4400E+02     1.0000E-25
 19930712  1430    2.2200E+02     1.0000E-25
 19930719  1400    2.6900E+02     1.0000E-25
 19930726  1430    1.2500E+02     1.0000E-25
 19930802  1430    1.1800E+02     1.0000E-25
 19930809  1600    7.3000E+01     1.0000E-25
 19930816  1300    2.7400E+02     1.0000E-25
 19930823  1330    1.9600E+02     1.0000E-25
 19930830  1330    1.2200E+02     1.0000E-25
 19930907  1400    4.9700E+02     1.0000E-25
 19930920  1400    1.2300E+02     1.0000E-25
 19931012  1400    2.5200E+02     1.0000E-25
 19931118  1150    9.5000E+01     1.0000E-25
 19931123  1200    7.5000E+01     1.0000E-25
 19931130  1330    6.3000E+01     1.0000E-25
 19931215  1215    5.3000E+01     1.0000E-25
 19940112  1245    1.0000E+01     1.0000E-25
 19940215  1230    4.3000E+01     1.0000E-25
 19940305  1215    5.0000E+01     1.0000E-25
 19940411  1300    4.7800E+02     1.0000E-25
 19940509  1330    1.1200E+02     1.0000E-25
 19940523  1330    1.9300E+02     1.0000E-25
 19940606  1430    1.1000E+02     1.0000E-25
 19940620  1430    1.3600E+02     1.0000E-25
 19940705  1330    1.0200E+02     1.0000E-25
 19940718  1500    2.0000E+01     1.0000E-25
 19940827  1130    5.3000E+01     1.0000E-25
 19940912  1230    5.3000E+01     1.0000E-25


 * = Censored Observation
 ^ = Missing Observation
 # = uncensored observation is less than the detection limit that
     was initially assigned (assigned detection limit makes it look
     as if the observation is censored, when in fact it is not).
     Assigned detection limit reset to 1.E-25.





 ----------------------------------------------------------------------

          Echo Output File Part III: Constituent Output Files

 ----------------------------------------------------------------------


 Constituent                         File Name
 ------------------------------------------------------------
 butylate                            butylate.out                                    
 atrazine                            atrazine.out                                    
 alachlor                            alachlor.out                                    
 suspended sediment                  suspendedsediment.out                           



 -----------------------------------------------------------

                        Echo Output File Part IV:
              Reading from the Estimation File

 -----------------------------------------------------------


 No. of Observations of the Data Variables per Day (NOBSPD):    1

 (The remaining lines in the Estimation File are not echoed unless
 an error occurs)





 ----------------------------------------------------------------------

          Echo Output File Part V: Other Warnings and Error Messages

 ----------------------------------------------------------------------


