

                                     LOADEST
                      A Program to Estimate Constituent Loads
                U.S. Geological Survey, Version: MOD48 (March 2013)
                -------------------------------------------------

 Illinois River at Marseilles, Illinois (Helsel & Hirsch, 2002)                  

 Constituent: phosphorus                                   

 ----------------------------------------------------------------------

     Constituent Output File Part Ia: Calibration (Load Regression)

 ----------------------------------------------------------------------

 Number of Observations           :    96
 Number of Uncensored Observations:    96
 "center" of Ln(Q)                :    9.1779
 Period of record                 :    1974-1985


 Model Evaluation Criteria Based on AMLE Results
 -----------------------------------------------

 Model #     AIC           SPPC
 ----------------------------------
  1           0.698         -36.053

 Model # 1 selected


 Selected Model:
 ---------------

 Ln(Load) = a0 + a1 LnQ

 where:
       Load  = constituent load [kg/d]
       LnQ   = Ln(Q) - center of Ln(Q)


       Model Coefficients

        a0        a1
       --------------------
 AMLE   9.3360    0.7610
 MLE    9.3360    0.7610
 LAD    9.3305    0.7753


 AMLE Regression Statistics
 --------------------------
 R-Squared [%]                  : 67.88
 Residual Variance              : 0.1152
 Serial Correlation of Residuals: 0.2303
 Prob. Plot Corr. Coeff. (PPCC) : 0.9893
 Significance Level of PPCC Test: 1.095E-01


 Coeff.    Std.Dev.    t-ratio      P Value
 --------------------------------------------
 a0        0.0375       248.95      1.434-137
 a1        0.0540        14.10      1.595E-25


 Additional Regression Statistics
 --------------------------------
 MLE Residual Variance: 0.1152



 Comparison of Observed and Estimated Loads
 ------------------------------------------
   The summary statistics and bias diagnostics presented below are based
 on a comparison of observed and estimated loads for all dates/times within 
 the calibration data set. Although this comparison does not directly 
 address errors in load estimation for unsampled dates/times, large 
 discrepancies between observed and estimated loads are indicative of a 
 poor model fit. Additional details and warnings are provided below.

 Note: The comparison that follows uses a concentration equal to 1/2 the
 detection limit when an observation is censored. The summary stats and
 bias diagnostics are therefore slightly inaccurate for censored data sets.


 Summary Stats: Est. and Obs. Loads in [TON/DAY]
 --------------------------------------------------
                 25th              75th     90th     95th     99th
        Min.     Pct      Med.     Pct      Pct      Pct      Pct      Max.
        -----------------------------------------------------------------------
 Est.   4.97E+00 7.66E+00 1.03E+01 1.44E+01 2.08E+01 2.84E+01 5.40E+01 5.40E+01
 Obs.   2.68E+00 6.55E+00 9.25E+00 1.34E+01 2.40E+01 3.75E+01 8.53E+01 8.53E+01
 Est/Obs    1.85     1.17     1.11     1.08     0.87     0.76     0.63     0.63

 Est/Obs > 1 indicates overestimation; Est/Obs < 1 indicates underestimation


 Bias Diagnostics
 ----------------
 Bp [%]    -1.977
 PLR        0.980
 E          0.611

 where:

    Bp  Load Bias in Percent
        Positive (negative) values indicate over (under) estimation.
        ***The model should not be used when the + or - bias exceeds 25%***

    PLR Partial Load Ratio
        Sum of estimated loads divided by sum of observed loads.
        Values > 1 indicate overestimation; values < 1 indicate underestimation.
        PLR = (Bp + 100) / 100

    E   Nash Sutcliffe Efficiency Index
        E ranges from -infinity to 1.0
        E = 1; a perfect fit to observed data.
        E = 0; model estimates are as accurate as the mean of observed data.
        E < 0; the observed mean is a better estimate than the model estimates.


 NOTE: Additional information on model calibration is included in the
       residual output file. LOADEST users should conduct a thorough
       residuals analysis using the data contained therein (checks for
       heteroscedasticity and non-normality).  Example residual plots
       are shown in Figures 7, 8, 9, and 17 of the LOADEST documentation
       (Runkel et al., 2004).



 ----------------------------------------------------------------------

 Constituent Output File Part Ib: Calibration (Concentration Regression)

 ----------------------------------------------------------------------



 AMLE Regression Statistics
 --------------------------

 Model # 1 was selected for the load regression (PART Ia) and is used here:

 Ln(Conc) = a0 + a1 LnQ

 where:
       Conc  = constituent concentration
       LnQ   = Ln(Q) - center of Ln(Q)


 Concentration Regression Results
 --------------------------------
 R-Squared [%]                  : 17.25
 Residual Variance              : 0.1152

 Coeff.    Value         Std.Dev.     t-ratio     P Value
 ----------------------------------------------------------
 a0       -0.7366        0.0375      -19.64       6.606E-36
 a1       -0.2390        0.0540       -4.43       2.008E-05


 Comparison of Observed and Estimated Concentrations
 ---------------------------------------------------
   The summary statistics and bias diagnostics presented below are
 based on a comparison of observed and estimated concentrations for
 all dates/times within the calibration data set. Although this
 comparison does not directly address errors in concentration estimation
 for unsampled dates/times, large discrepancies between observed and
 estimated concentrations are indicative of a poor model fit. Additional
 details and warnings are provided below.

 Note: The comparison that follows uses a concentration equal to 1/2 the
 detection limit when an observation is censored. The summary stats and
 bias diagnostics are therefore slightly inaccurate for censored data sets.


 Summary Stats: Est. and Obs. Concentrations in      MG/L
 -----------------------------------------------------------
                 25th              75th     90th     95th     99th
        Min.     Pct      Med.     Pct      Pct      Pct      Pct      Max.
       ------------------------------------------------------------------------
 Est.   3.23E-01 4.93E-01 5.49E-01 6.01E-01 6.47E-01 6.71E-01 6.88E-01 6.88E-01
 Obs.   2.30E-01 3.90E-01 5.05E-01 6.37E-01 8.29E-01 9.57E-01 1.40E+00 1.40E+00
 Est/Obs    1.40     1.26     1.09     0.94     0.78     0.70     0.49     0.49

 Est/Obs > 1 indicates overestimation; Est/Obs < 1 indicates underestimation


 Bias Diagnostics
 ----------------
 Bp [%]    -0.237
 PCR        0.998
 E          0.149

 where:

    Bp  Concentration Bias in Percent
        Positive (negative) values indicate over (under) estimation.
        ***The model should not be used when the + or - bias exceeds 25%***

    PCR Partial Concentration Ratio
        Sum of est. concentrations divided by sum of obs. concentrations.
        Values > 1 indicate overestimation; values < 1 indicate underestimation.
        PCR = (Bp + 100) / 100

    E   Nash Sutcliffe Efficiency Index
        E ranges from -infinity to 1.0
        E = 1; a perfect fit to observed data.
        E = 0; model estimates are as accurate as the mean of observed data.
        E < 0; the observed mean is a better estimate than the model estimates.


 NOTE: Additional information on model calibration is included in the
       residual output file. LOADEST users should conduct a thorough
       residuals analysis using the data contained therein (checks for
       heteroscedasticity and non-normality).  Example residual plots
       are shown in Figures 7, 8, 9, and 17 of the LOADEST documentation
       (Runkel et al., 2004).



 ----------------------------------------------------------------------

 Constituent Output File Part IIa: Estimation (test for extrapolation)

                 Load Estimates for 19741113-19850415
 ----------------------------------------------------------------------



 Streamflow Summary Statistics [cfs]
 -----------------------------------

 Data    Mean  Minimum 10th Pct 25th Pct   Median 75th Pct 90th Pct  Maximum
 ---------------------------------------------------------------------------
 Cal.   9491.    2680.    3474.    4723.    6945.   10850.   17610.   62000.
 Est.   9491.    2680.    3474.    4723.    6945.   10850.   17610.   62000.

 The maximum estimation data set steamflow does not exceed the maximum
 calibration data set streamflow. No extrapolation is required.





 ----------------------------------------------------------------------

     Constituent Output File Part IIb: Estimation (Load Estimates)

                 Load Estimates for 19741113-19850415
 ----------------------------------------------------------------------



 Load Estimates [TON/DAY]
 ------------------------


              AMLE Load Estimates
              -------------------

                                 95% Conf.Intervals
                         Mean    ------------------   Std Error   Standard
                 N       Load      Lower      Upper  Prediction      Error
              ------------------------------------------------------------
Est. Period     96      12.38      11.00      13.87        0.73       0.51


              MLE Load Estimates
              ------------------

                         Mean   Standard
                 N       Load      Error
              --------------------------
Est. Period     96      12.38       0.51


              LAD Load Estimates
              ------------------

                         Mean   Standard
                 N       Load      Error
              --------------------------
Est. Period     96      12.49       1.36



 Summary Statistics - Estimated Loads [TON/DAY]
 ----------------------------------------------

                  25th              75th     90th     95th     99th
         Min.      Pct     Med.      Pct      Pct      Pct      Pct     Max.
      ----------------------------------------------------------------------
 AMLE      5.       8.      10.      14.      21.      28.      54.      54.
 MLE       5.       8.      10.      14.      21.      28.      54.      54.
 LAD       5.       8.      10.      15.      21.      29.      56.      56.



 Summary Statistics - Estimated Concentrations [MG/L]
 ----------------------------------------------------

                  25th              75th     90th     95th     99th
         Min.      Pct     Med.      Pct      Pct      Pct      Pct     Max.
      ----------------------------------------------------------------------
 AMLE    0.32     0.49     0.55     0.60     0.65     0.67     0.69     0.69
 MLE     0.32     0.49     0.55     0.60     0.65     0.67     0.69     0.69
 LAD     0.34     0.50     0.55     0.60     0.64     0.66     0.68     0.68
